<?xml version="1.0" encoding="UTF-8"?>
<!-- Generated by org.testng.reporters.JUnitReportReporter -->
<testsuite hostname="harshi" name="extentandframes.nestedframs" tests="1" failures="0" timestamp="14 Nov 2022 06:18:48 GMT" time="1.215" errors="0">
  <testcase name="test1" time="1.215" classname="extentandframes.nestedframs"/>
</testsuite> <!-- extentandframes.nestedframs -->
